<?xml version="1.0" encoding="UTF-8"?>
<!-- Generated by org.testng.reporters.JUnitReportReporter -->
<testsuite hostname="DESKTOP-SSAH8PS" name="api.Topic01" tests="1" failures="0" timestamp="17 Nov 2020 17:42:12 GMT" time="0.010" errors="0">
  <testcase name="TC_01_Login_with_empty" time="0.010" classname="api.Topic01"/>
</testsuite> <!-- api.Topic01 -->
