<?xml version="1.0" encoding="UTF-8"?>
<!-- Generated by org.testng.reporters.JUnitReportReporter -->
<testsuite hostname="DESKTOP-SSAH8PS" name="selenium.Topic_01_CheckEnvironment" tests="3" failures="0" timestamp="18 Nov 2020 14:04:44 GMT" time="0.197" errors="0">
  <testcase name="TC_01_ValidateCurrentUrl" time="0.032" classname="selenium.Topic_01_CheckEnvironment"/>
  <testcase name="TC_03_LoginFormDisplayed" time="0.142" classname="selenium.Topic_01_CheckEnvironment"/>
  <testcase name="TC_02_ValidatePageTitle" time="0.023" classname="selenium.Topic_01_CheckEnvironment"/>
</testsuite> <!-- selenium.Topic_01_CheckEnvironment -->
